<?xml version="1.0" encoding="UTF-8"?>
<!-- Generated by org.testng.reporters.JUnitReportReporter -->
<testsuite hostname="LAPTOP-RIO3G63B" failures="0" tests="1" name="com.todos.tests.AddTodoTests" time="2.975" errors="0" timestamp="2024-12-23T12:20:24 WAT" skipped="0">
  <testcase classname="com.todos.tests.AddTodoTests" name="iCanAddToDo" time="2.975"/>
  <system-out/>
</testsuite> <!-- com.todos.tests.AddTodoTests -->
